running egg_info
writing build/robot_gui/robot_gui.egg-info/PKG-INFO
writing dependency_links to build/robot_gui/robot_gui.egg-info/dependency_links.txt
writing entry points to build/robot_gui/robot_gui.egg-info/entry_points.txt
writing requirements to build/robot_gui/robot_gui.egg-info/requires.txt
writing top-level names to build/robot_gui/robot_gui.egg-info/top_level.txt
reading manifest file 'build/robot_gui/robot_gui.egg-info/SOURCES.txt'
writing manifest file 'build/robot_gui/robot_gui.egg-info/SOURCES.txt'
running build
running build_py
running install
running install_lib
running install_data
copying launch/robot_gui_launch.py -> /home/nikita/robot_ws/src/robot_gui/install/robot_gui/share/robot_gui/launch
running install_egg_info
removing '/home/nikita/robot_ws/src/robot_gui/install/robot_gui/lib/python3.10/site-packages/robot_gui-0.0.0-py3.10.egg-info' (and everything under it)
Copying build/robot_gui/robot_gui.egg-info to /home/nikita/robot_ws/src/robot_gui/install/robot_gui/lib/python3.10/site-packages/robot_gui-0.0.0-py3.10.egg-info
running install_scripts
Installing robot_gui_node script to /home/nikita/robot_ws/src/robot_gui/install/robot_gui/lib/robot_gui
writing list of installed files to '/home/nikita/robot_ws/src/robot_gui/build/robot_gui/install.log'
