running egg_info
creating build/robot_gui/robot_gui.egg-info
writing build/robot_gui/robot_gui.egg-info/PKG-INFO
writing dependency_links to build/robot_gui/robot_gui.egg-info/dependency_links.txt
writing entry points to build/robot_gui/robot_gui.egg-info/entry_points.txt
writing requirements to build/robot_gui/robot_gui.egg-info/requires.txt
writing top-level names to build/robot_gui/robot_gui.egg-info/top_level.txt
writing manifest file 'build/robot_gui/robot_gui.egg-info/SOURCES.txt'
reading manifest file 'build/robot_gui/robot_gui.egg-info/SOURCES.txt'
writing manifest file 'build/robot_gui/robot_gui.egg-info/SOURCES.txt'
running build
running build_py
creating /home/nikita/robot_ws/src/robot_gui/build/robot_gui/build
creating /home/nikita/robot_ws/src/robot_gui/build/robot_gui/build/lib
creating /home/nikita/robot_ws/src/robot_gui/build/robot_gui/build/lib/robot_gui
copying robot_gui/main.py -> /home/nikita/robot_ws/src/robot_gui/build/robot_gui/build/lib/robot_gui
copying robot_gui/robot_gui_node.py -> /home/nikita/robot_ws/src/robot_gui/build/robot_gui/build/lib/robot_gui
copying robot_gui/__init__.py -> /home/nikita/robot_ws/src/robot_gui/build/robot_gui/build/lib/robot_gui
copying robot_gui/robot_gui.py -> /home/nikita/robot_ws/src/robot_gui/build/robot_gui/build/lib/robot_gui
running install
running install_lib
creating /home/nikita/robot_ws/src/robot_gui/install/robot_gui/lib/python3.10/site-packages/robot_gui
copying /home/nikita/robot_ws/src/robot_gui/build/robot_gui/build/lib/robot_gui/main.py -> /home/nikita/robot_ws/src/robot_gui/install/robot_gui/lib/python3.10/site-packages/robot_gui
copying /home/nikita/robot_ws/src/robot_gui/build/robot_gui/build/lib/robot_gui/robot_gui_node.py -> /home/nikita/robot_ws/src/robot_gui/install/robot_gui/lib/python3.10/site-packages/robot_gui
copying /home/nikita/robot_ws/src/robot_gui/build/robot_gui/build/lib/robot_gui/__init__.py -> /home/nikita/robot_ws/src/robot_gui/install/robot_gui/lib/python3.10/site-packages/robot_gui
copying /home/nikita/robot_ws/src/robot_gui/build/robot_gui/build/lib/robot_gui/robot_gui.py -> /home/nikita/robot_ws/src/robot_gui/install/robot_gui/lib/python3.10/site-packages/robot_gui
byte-compiling /home/nikita/robot_ws/src/robot_gui/install/robot_gui/lib/python3.10/site-packages/robot_gui/main.py to main.cpython-310.pyc
byte-compiling /home/nikita/robot_ws/src/robot_gui/install/robot_gui/lib/python3.10/site-packages/robot_gui/robot_gui_node.py to robot_gui_node.cpython-310.pyc
byte-compiling /home/nikita/robot_ws/src/robot_gui/install/robot_gui/lib/python3.10/site-packages/robot_gui/__init__.py to __init__.cpython-310.pyc
byte-compiling /home/nikita/robot_ws/src/robot_gui/install/robot_gui/lib/python3.10/site-packages/robot_gui/robot_gui.py to robot_gui.cpython-310.pyc
running install_data
creating /home/nikita/robot_ws/src/robot_gui/install/robot_gui/share/ament_index
creating /home/nikita/robot_ws/src/robot_gui/install/robot_gui/share/ament_index/resource_index
creating /home/nikita/robot_ws/src/robot_gui/install/robot_gui/share/ament_index/resource_index/packages
copying resource/robot_gui -> /home/nikita/robot_ws/src/robot_gui/install/robot_gui/share/ament_index/resource_index/packages
copying package.xml -> /home/nikita/robot_ws/src/robot_gui/install/robot_gui/share/robot_gui
creating /home/nikita/robot_ws/src/robot_gui/install/robot_gui/share/robot_gui/launch
copying launch/robot_gui_launch.py -> /home/nikita/robot_ws/src/robot_gui/install/robot_gui/share/robot_gui/launch
running install_egg_info
Copying build/robot_gui/robot_gui.egg-info to /home/nikita/robot_ws/src/robot_gui/install/robot_gui/lib/python3.10/site-packages/robot_gui-0.0.0-py3.10.egg-info
running install_scripts
Installing robot_gui_node script to /home/nikita/robot_ws/src/robot_gui/install/robot_gui/lib/robot_gui
writing list of installed files to '/home/nikita/robot_ws/src/robot_gui/build/robot_gui/install.log'
