[0.693s] Invoking command in '/home/nikita/robot_ws/src/robot_gui': PYTHONPATH=/home/nikita/robot_ws/src/robot_gui/build/robot_gui/prefix_override:/usr/lib/python3/dist-packages/colcon_core/task/python/colcon_distutils_commands:/home/nikita/robot_ws/src/robot_gui/install/robot_gui/lib/python3.10/site-packages:${PYTHONPATH} /usr/bin/python3 -W ignore:setup.py install is deprecated -W ignore:easy_install command is deprecated setup.py egg_info --egg-base build/robot_gui build --build-base /home/nikita/robot_ws/src/robot_gui/build/robot_gui/build install --record /home/nikita/robot_ws/src/robot_gui/build/robot_gui/install.log --single-version-externally-managed install_data
[0.884s] running egg_info
[0.885s] creating build/robot_gui/robot_gui.egg-info
[0.885s] writing build/robot_gui/robot_gui.egg-info/PKG-INFO
[0.886s] writing dependency_links to build/robot_gui/robot_gui.egg-info/dependency_links.txt
[0.886s] writing entry points to build/robot_gui/robot_gui.egg-info/entry_points.txt
[0.886s] writing requirements to build/robot_gui/robot_gui.egg-info/requires.txt
[0.886s] writing top-level names to build/robot_gui/robot_gui.egg-info/top_level.txt
[0.886s] writing manifest file 'build/robot_gui/robot_gui.egg-info/SOURCES.txt'
[0.892s] reading manifest file 'build/robot_gui/robot_gui.egg-info/SOURCES.txt'
[0.893s] writing manifest file 'build/robot_gui/robot_gui.egg-info/SOURCES.txt'
[0.893s] running build
[0.893s] running build_py
[0.894s] creating /home/nikita/robot_ws/src/robot_gui/build/robot_gui/build
[0.894s] creating /home/nikita/robot_ws/src/robot_gui/build/robot_gui/build/lib
[0.894s] creating /home/nikita/robot_ws/src/robot_gui/build/robot_gui/build/lib/robot_gui
[0.894s] copying robot_gui/main.py -> /home/nikita/robot_ws/src/robot_gui/build/robot_gui/build/lib/robot_gui
[0.894s] copying robot_gui/robot_gui_node.py -> /home/nikita/robot_ws/src/robot_gui/build/robot_gui/build/lib/robot_gui
[0.895s] copying robot_gui/__init__.py -> /home/nikita/robot_ws/src/robot_gui/build/robot_gui/build/lib/robot_gui
[0.895s] copying robot_gui/robot_gui.py -> /home/nikita/robot_ws/src/robot_gui/build/robot_gui/build/lib/robot_gui
[0.895s] running install
[0.896s] running install_lib
[0.896s] creating /home/nikita/robot_ws/src/robot_gui/install/robot_gui/lib/python3.10/site-packages/robot_gui
[0.897s] copying /home/nikita/robot_ws/src/robot_gui/build/robot_gui/build/lib/robot_gui/main.py -> /home/nikita/robot_ws/src/robot_gui/install/robot_gui/lib/python3.10/site-packages/robot_gui
[0.897s] copying /home/nikita/robot_ws/src/robot_gui/build/robot_gui/build/lib/robot_gui/robot_gui_node.py -> /home/nikita/robot_ws/src/robot_gui/install/robot_gui/lib/python3.10/site-packages/robot_gui
[0.897s] copying /home/nikita/robot_ws/src/robot_gui/build/robot_gui/build/lib/robot_gui/__init__.py -> /home/nikita/robot_ws/src/robot_gui/install/robot_gui/lib/python3.10/site-packages/robot_gui
[0.897s] copying /home/nikita/robot_ws/src/robot_gui/build/robot_gui/build/lib/robot_gui/robot_gui.py -> /home/nikita/robot_ws/src/robot_gui/install/robot_gui/lib/python3.10/site-packages/robot_gui
[0.897s] byte-compiling /home/nikita/robot_ws/src/robot_gui/install/robot_gui/lib/python3.10/site-packages/robot_gui/main.py to main.cpython-310.pyc
[0.898s] byte-compiling /home/nikita/robot_ws/src/robot_gui/install/robot_gui/lib/python3.10/site-packages/robot_gui/robot_gui_node.py to robot_gui_node.cpython-310.pyc
[0.899s] byte-compiling /home/nikita/robot_ws/src/robot_gui/install/robot_gui/lib/python3.10/site-packages/robot_gui/__init__.py to __init__.cpython-310.pyc
[0.899s] byte-compiling /home/nikita/robot_ws/src/robot_gui/install/robot_gui/lib/python3.10/site-packages/robot_gui/robot_gui.py to robot_gui.cpython-310.pyc
[0.900s] running install_data
[0.900s] creating /home/nikita/robot_ws/src/robot_gui/install/robot_gui/share/ament_index
[0.900s] creating /home/nikita/robot_ws/src/robot_gui/install/robot_gui/share/ament_index/resource_index
[0.900s] creating /home/nikita/robot_ws/src/robot_gui/install/robot_gui/share/ament_index/resource_index/packages
[0.901s] copying resource/robot_gui -> /home/nikita/robot_ws/src/robot_gui/install/robot_gui/share/ament_index/resource_index/packages
[0.901s] copying package.xml -> /home/nikita/robot_ws/src/robot_gui/install/robot_gui/share/robot_gui
[0.901s] creating /home/nikita/robot_ws/src/robot_gui/install/robot_gui/share/robot_gui/launch
[0.901s] copying launch/robot_gui_launch.py -> /home/nikita/robot_ws/src/robot_gui/install/robot_gui/share/robot_gui/launch
[0.901s] running install_egg_info
[0.903s] Copying build/robot_gui/robot_gui.egg-info to /home/nikita/robot_ws/src/robot_gui/install/robot_gui/lib/python3.10/site-packages/robot_gui-0.0.0-py3.10.egg-info
[0.903s] running install_scripts
[0.919s] Installing robot_gui_node script to /home/nikita/robot_ws/src/robot_gui/install/robot_gui/lib/robot_gui
[0.919s] writing list of installed files to '/home/nikita/robot_ws/src/robot_gui/build/robot_gui/install.log'
[0.943s] Invoked command in '/home/nikita/robot_ws/src/robot_gui' returned '0': PYTHONPATH=/home/nikita/robot_ws/src/robot_gui/build/robot_gui/prefix_override:/usr/lib/python3/dist-packages/colcon_core/task/python/colcon_distutils_commands:/home/nikita/robot_ws/src/robot_gui/install/robot_gui/lib/python3.10/site-packages:${PYTHONPATH} /usr/bin/python3 -W ignore:setup.py install is deprecated -W ignore:easy_install command is deprecated setup.py egg_info --egg-base build/robot_gui build --build-base /home/nikita/robot_ws/src/robot_gui/build/robot_gui/build install --record /home/nikita/robot_ws/src/robot_gui/build/robot_gui/install.log --single-version-externally-managed install_data
