[0.549s] Invoking command in '/home/nikita/robot_ws/src/robot_gui': PYTHONPATH=/home/nikita/robot_ws/src/robot_gui/build/robot_gui/prefix_override:/usr/lib/python3/dist-packages/colcon_core/task/python/colcon_distutils_commands:/home/nikita/robot_ws/src/robot_gui/install/robot_gui/lib/python3.10/site-packages:${PYTHONPATH} /usr/bin/python3 -W ignore:setup.py install is deprecated -W ignore:easy_install command is deprecated setup.py egg_info --egg-base build/robot_gui build --build-base /home/nikita/robot_ws/src/robot_gui/build/robot_gui/build install --record /home/nikita/robot_ws/src/robot_gui/build/robot_gui/install.log --single-version-externally-managed install_data
[0.749s] running egg_info
[0.749s] writing build/robot_gui/robot_gui.egg-info/PKG-INFO
[0.750s] writing dependency_links to build/robot_gui/robot_gui.egg-info/dependency_links.txt
[0.750s] writing entry points to build/robot_gui/robot_gui.egg-info/entry_points.txt
[0.750s] writing requirements to build/robot_gui/robot_gui.egg-info/requires.txt
[0.750s] writing top-level names to build/robot_gui/robot_gui.egg-info/top_level.txt
[0.752s] reading manifest file 'build/robot_gui/robot_gui.egg-info/SOURCES.txt'
[0.753s] writing manifest file 'build/robot_gui/robot_gui.egg-info/SOURCES.txt'
[0.753s] running build
[0.753s] running build_py
[0.753s] running install
[0.754s] running install_lib
[0.755s] running install_data
[0.755s] copying launch/robot_gui_launch.py -> /home/nikita/robot_ws/src/robot_gui/install/robot_gui/share/robot_gui/launch
[0.755s] running install_egg_info
[0.757s] removing '/home/nikita/robot_ws/src/robot_gui/install/robot_gui/lib/python3.10/site-packages/robot_gui-0.0.0-py3.10.egg-info' (and everything under it)
[0.757s] Copying build/robot_gui/robot_gui.egg-info to /home/nikita/robot_ws/src/robot_gui/install/robot_gui/lib/python3.10/site-packages/robot_gui-0.0.0-py3.10.egg-info
[0.758s] running install_scripts
[0.773s] Installing robot_gui_node script to /home/nikita/robot_ws/src/robot_gui/install/robot_gui/lib/robot_gui
[0.774s] writing list of installed files to '/home/nikita/robot_ws/src/robot_gui/build/robot_gui/install.log'
[0.791s] Invoked command in '/home/nikita/robot_ws/src/robot_gui' returned '0': PYTHONPATH=/home/nikita/robot_ws/src/robot_gui/build/robot_gui/prefix_override:/usr/lib/python3/dist-packages/colcon_core/task/python/colcon_distutils_commands:/home/nikita/robot_ws/src/robot_gui/install/robot_gui/lib/python3.10/site-packages:${PYTHONPATH} /usr/bin/python3 -W ignore:setup.py install is deprecated -W ignore:easy_install command is deprecated setup.py egg_info --egg-base build/robot_gui build --build-base /home/nikita/robot_ws/src/robot_gui/build/robot_gui/build install --record /home/nikita/robot_ws/src/robot_gui/build/robot_gui/install.log --single-version-externally-managed install_data
